[debug] [2021-07-06T08:42:43.105Z] ----------------------------------------------------------------------
[debug] [2021-07-06T08:42:43.106Z] Command:       /home/nikunj/.nvm/versions/node/v14.17.0/bin/node /home/nikunj/.nvm/versions/node/v14.17.0/bin/firebase deploy --only functions
[debug] [2021-07-06T08:42:43.107Z] CLI Version:   9.14.0
[debug] [2021-07-06T08:42:43.107Z] Platform:      linux
[debug] [2021-07-06T08:42:43.107Z] Node Version:  v14.17.0
[debug] [2021-07-06T08:42:43.107Z] Time:          Tue Jul 06 2021 14:12:43 GMT+0530 (India Standard Time)
[debug] [2021-07-06T08:42:43.107Z] ----------------------------------------------------------------------
[debug] 
[debug] [2021-07-06T08:42:43.113Z] > command requires scopes: ["email","openid","https://www.googleapis.com/auth/cloudplatformprojects.readonly","https://www.googleapis.com/auth/firebase","https://www.googleapis.com/auth/cloud-platform"]
[debug] [2021-07-06T08:42:43.113Z] > authorizing via signed-in user (nikunjgoyal31@gmail.com)
[debug] [2021-07-06T08:42:43.114Z] [iam] checking project sample-5b71f for permissions ["cloudfunctions.functions.create","cloudfunctions.functions.delete","cloudfunctions.functions.get","cloudfunctions.functions.list","cloudfunctions.functions.update","cloudfunctions.operations.get","firebase.projects.get"]
[debug] [2021-07-06T08:42:43.115Z] >>> HTTP REQUEST POST https://cloudresourcemanager.googleapis.com/v1/projects/sample-5b71f:testIamPermissions  
 {"permissions":["cloudfunctions.functions.create","cloudfunctions.functions.delete","cloudfunctions.functions.get","cloudfunctions.functions.list","cloudfunctions.functions.update","cloudfunctions.operations.get","firebase.projects.get"]}
[debug] [2021-07-06T08:42:44.625Z] <<< HTTP RESPONSE 200 {"content-type":"application/json; charset=UTF-8","vary":"X-Origin, Referer, Origin,Accept-Encoding","date":"Tue, 06 Jul 2021 08:42:44 GMT","server":"ESF","cache-control":"private","x-xss-protection":"0","x-frame-options":"SAMEORIGIN","x-content-type-options":"nosniff","server-timing":"gfet4t7; dur=1377","alt-svc":"h3=\":443\"; ma=2592000,h3-29=\":443\"; ma=2592000,h3-T051=\":443\"; ma=2592000,h3-Q050=\":443\"; ma=2592000,h3-Q046=\":443\"; ma=2592000,h3-Q043=\":443\"; ma=2592000,quic=\":443\"; ma=2592000; v=\"46,43\"","accept-ranges":"none","transfer-encoding":"chunked"}
[debug] [2021-07-06T08:42:44.636Z] >>> HTTP REQUEST POST https://iam.googleapis.com/v1/projects/sample-5b71f/serviceAccounts/sample-5b71f@appspot.gserviceaccount.com:testIamPermissions  
 {"permissions":["iam.serviceAccounts.actAs"]}
[debug] [2021-07-06T08:42:46.225Z] <<< HTTP RESPONSE 200 {"content-type":"application/json; charset=UTF-8","vary":"X-Origin, Referer, Origin,Accept-Encoding","date":"Tue, 06 Jul 2021 08:42:46 GMT","server":"ESF","cache-control":"private","x-xss-protection":"0","x-frame-options":"SAMEORIGIN","x-content-type-options":"nosniff","alt-svc":"h3=\":443\"; ma=2592000,h3-29=\":443\"; ma=2592000,h3-T051=\":443\"; ma=2592000,h3-Q050=\":443\"; ma=2592000,h3-Q046=\":443\"; ma=2592000,h3-Q043=\":443\"; ma=2592000,quic=\":443\"; ma=2592000; v=\"46,43\"","accept-ranges":"none","transfer-encoding":"chunked"}
[info] 
[info] === Deploying to 'sample-5b71f'...
[info] 
[info] i  deploying functions 
[info] ✔  functions: Finished running predeploy script. 
[debug] [2021-07-06T08:42:46.234Z] Validating nodejs source
[debug] [2021-07-06T08:42:48.052Z] > [functions] package.json contents: {
  "name": "functions",
  "description": "Cloud Functions for Firebase",
  "scripts": {
    "lint": "eslint .",
    "serve": "firebase emulators:start --only functions",
    "shell": "firebase functions:shell",
    "start": "npm run shell",
    "deploy": "firebase deploy --only functions",
    "logs": "firebase functions:log"
  },
  "engines": {
    "node": "14"
  },
  "main": "index.js",
  "dependencies": {
    "firebase-admin": "^9.8.0",
    "firebase-functions": "^3.14.1"
  },
  "devDependencies": {
    "firebase-functions-test": "^0.2.0"
  },
  "private": true
}
[debug] [2021-07-06T08:42:48.052Z] Building nodejs source
[info] i  functions: ensuring required API cloudfunctions.googleapis.com is enabled... 
[info] i  functions: ensuring required API cloudbuild.googleapis.com is enabled... 
[debug] [2021-07-06T08:42:48.054Z] >>> HTTP REQUEST GET https://serviceusage.googleapis.com/v1/projects/sample-5b71f/services/cloudfunctions.googleapis.com  
 
[debug] [2021-07-06T08:42:48.055Z] >>> HTTP REQUEST GET https://serviceusage.googleapis.com/v1/projects/sample-5b71f/services/runtimeconfig.googleapis.com  
 
[debug] [2021-07-06T08:42:48.055Z] >>> HTTP REQUEST GET https://serviceusage.googleapis.com/v1/projects/sample-5b71f/services/cloudbuild.googleapis.com  
 
[debug] [2021-07-06T08:42:49.854Z] <<< HTTP RESPONSE 200 {"content-type":"application/json; charset=UTF-8","vary":"X-Origin, Referer, Origin,Accept-Encoding","date":"Tue, 06 Jul 2021 08:42:49 GMT","server":"ESF","cache-control":"private","x-xss-protection":"0","x-frame-options":"SAMEORIGIN","x-content-type-options":"nosniff","alt-svc":"h3=\":443\"; ma=2592000,h3-29=\":443\"; ma=2592000,h3-T051=\":443\"; ma=2592000,h3-Q050=\":443\"; ma=2592000,h3-Q046=\":443\"; ma=2592000,h3-Q043=\":443\"; ma=2592000,quic=\":443\"; ma=2592000; v=\"46,43\"","accept-ranges":"none","transfer-encoding":"chunked"}
[debug] [2021-07-06T08:42:49.937Z] <<< HTTP RESPONSE 200 {"content-type":"application/json; charset=UTF-8","vary":"X-Origin, Referer, Origin,Accept-Encoding","date":"Tue, 06 Jul 2021 08:42:49 GMT","server":"ESF","cache-control":"private","x-xss-protection":"0","x-frame-options":"SAMEORIGIN","x-content-type-options":"nosniff","alt-svc":"h3=\":443\"; ma=2592000,h3-29=\":443\"; ma=2592000,h3-T051=\":443\"; ma=2592000,h3-Q050=\":443\"; ma=2592000,h3-Q046=\":443\"; ma=2592000,h3-Q043=\":443\"; ma=2592000,quic=\":443\"; ma=2592000; v=\"46,43\"","accept-ranges":"none","transfer-encoding":"chunked"}
[info] ✔  functions: required API cloudbuild.googleapis.com is enabled 
[debug] [2021-07-06T08:42:49.964Z] <<< HTTP RESPONSE 200 {"content-type":"application/json; charset=UTF-8","vary":"X-Origin, Referer, Origin,Accept-Encoding","date":"Tue, 06 Jul 2021 08:42:49 GMT","server":"ESF","cache-control":"private","x-xss-protection":"0","x-frame-options":"SAMEORIGIN","x-content-type-options":"nosniff","alt-svc":"h3=\":443\"; ma=2592000,h3-29=\":443\"; ma=2592000,h3-T051=\":443\"; ma=2592000,h3-Q050=\":443\"; ma=2592000,h3-Q046=\":443\"; ma=2592000,h3-Q043=\":443\"; ma=2592000,quic=\":443\"; ma=2592000; v=\"46,43\"","accept-ranges":"none","transfer-encoding":"chunked"}
[info] ✔  functions: required API cloudfunctions.googleapis.com is enabled 
[debug] [2021-07-06T08:42:49.969Z] >>> HTTP REQUEST GET https://firebase.googleapis.com/v1beta1/projects/sample-5b71f/adminSdkConfig  
 
[debug] [2021-07-06T08:42:50.603Z] <<< HTTP RESPONSE 200 {"content-type":"application/json; charset=UTF-8","vary":"X-Origin, Referer, Origin,Accept-Encoding","date":"Tue, 06 Jul 2021 08:42:50 GMT","server":"ESF","cache-control":"private","x-xss-protection":"0","x-frame-options":"SAMEORIGIN","x-content-type-options":"nosniff","alt-svc":"h3=\":443\"; ma=2592000,h3-29=\":443\"; ma=2592000,h3-T051=\":443\"; ma=2592000,h3-Q050=\":443\"; ma=2592000,h3-Q046=\":443\"; ma=2592000,h3-Q043=\":443\"; ma=2592000,quic=\":443\"; ma=2592000; v=\"46,43\"","accept-ranges":"none","transfer-encoding":"chunked"}
[debug] [2021-07-06T08:42:50.608Z] >>> HTTP REQUEST GET https://runtimeconfig.googleapis.com/v1beta1/projects/sample-5b71f/configs  
 
[debug] [2021-07-06T08:42:52.057Z] <<< HTTP RESPONSE 200 {"content-type":"application/json; charset=UTF-8","vary":"X-Origin, Referer, Origin,Accept-Encoding","date":"Tue, 06 Jul 2021 08:42:51 GMT","server":"ESF","cache-control":"private","x-xss-protection":"0","x-frame-options":"SAMEORIGIN","x-content-type-options":"nosniff","alt-svc":"h3=\":443\"; ma=2592000,h3-29=\":443\"; ma=2592000,h3-T051=\":443\"; ma=2592000,h3-Q050=\":443\"; ma=2592000,h3-Q046=\":443\"; ma=2592000,h3-Q043=\":443\"; ma=2592000,quic=\":443\"; ma=2592000; v=\"46,43\"","accept-ranges":"none","transfer-encoding":"chunked"}
[debug] [2021-07-06T08:42:52.059Z] Analyzing nodejs backend spec
[info] i  functions: preparing functions directory for uploading... 
[info] i  functions: packaged functions (34.76 KB) for uploading 
[debug] [2021-07-06T08:42:52.191Z] >>> HTTP REQUEST GET https://cloudfunctions.googleapis.com/v1/projects/sample-5b71f/locations/-/functions  
 
[debug] [2021-07-06T08:42:52.821Z] <<< HTTP RESPONSE 200 {"content-type":"application/json; charset=UTF-8","vary":"X-Origin, Referer, Origin,Accept-Encoding","date":"Tue, 06 Jul 2021 08:42:52 GMT","server":"ESF","cache-control":"private","x-xss-protection":"0","x-frame-options":"SAMEORIGIN","x-content-type-options":"nosniff","alt-svc":"h3=\":443\"; ma=2592000,h3-29=\":443\"; ma=2592000,h3-T051=\":443\"; ma=2592000,h3-Q050=\":443\"; ma=2592000,h3-Q046=\":443\"; ma=2592000,h3-Q043=\":443\"; ma=2592000,quic=\":443\"; ma=2592000; v=\"46,43\"","accept-ranges":"none","transfer-encoding":"chunked"}
[debug] [2021-07-06T08:42:52.838Z] >>> HTTP REQUEST POST https://cloudfunctions.googleapis.com/v1/projects/sample-5b71f/locations/us-central1/functions:generateUploadUrl  
 
[debug] [2021-07-06T08:42:53.669Z] <<< HTTP RESPONSE 200 {"content-type":"application/json; charset=UTF-8","vary":"X-Origin, Referer, Origin,Accept-Encoding","date":"Tue, 06 Jul 2021 08:42:53 GMT","server":"ESF","cache-control":"private","x-xss-protection":"0","x-frame-options":"SAMEORIGIN","x-content-type-options":"nosniff","alt-svc":"h3=\":443\"; ma=2592000,h3-29=\":443\"; ma=2592000,h3-T051=\":443\"; ma=2592000,h3-Q050=\":443\"; ma=2592000,h3-Q046=\":443\"; ma=2592000,h3-Q043=\":443\"; ma=2592000,quic=\":443\"; ma=2592000; v=\"46,43\"","accept-ranges":"none","transfer-encoding":"chunked"}
[debug] [2021-07-06T08:42:53.676Z] >>> HTTP REQUEST PUT https://storage.googleapis.com/gcf-upload-us-central1-5c256c10-4c5b-4246-ad0c-fafc840ce43d/1cde181e-d9b2-44e9-a006-b8d1f670b355.zip?GoogleAccessId=service-89162818918@gcf-admin-robot.iam.gserviceaccount.com&Expires=1625562773&Signature=Ios5OTcN%2BCLzBLnodxguHTYFrHud0CSAo5Am829C5%2Br8GvwfmG%2F%2FktUzaWPfvk9QoFH9Cb0OaBjif%2Bwd2nR3Y3pfxS5e0RJ3w2qrafI7qP5pFS0KUd5FU7pMzjt5Qij%2FN782zgVAW%2FOY%2FubSzDYxY4sGIpBgzzGvGE2FBTy%2B6P5MysveokBQ9D3bCoxCYwOfwD1JOK4WAjmWU%2F04DMarv5xtYVY4kF%2BTfe%2BsWRjActBRHCFrlvF1LW3vFanhzS3%2FC3d3nQyEZLZDmUS%2B74bN4T7%2F4Z8FAgi%2BlASobpISxHHQvOQcO3MfyFuQryO89aGBEDxeTfS%2BGupAUaWtye6diw%3D%3D  
 <request body omitted>
[debug] [2021-07-06T08:42:54.235Z] <<< HTTP RESPONSE 200 {"x-guploader-uploadid":"ADPycduqyqDEtOMbfv_Ge6UAjP1dXAb8y430LkSSXz2QV8jlC_-iQ2P-I0XJwz3BDtMrNHZeO8u05PmqawxpbBkjtyA","etag":"\"f7cdd419b349c1452e46fa14b5c37092\"","x-goog-generation":"1625560974085368","x-goog-metageneration":"1","x-goog-hash":"crc32c=vaSavA==, md5=983UGbNJwUUuRvoUtcNwkg==","x-goog-stored-content-length":"35592","x-goog-stored-content-encoding":"identity","vary":"Origin","content-length":"0","date":"Tue, 06 Jul 2021 08:42:54 GMT","server":"UploadServer","content-type":"text/html; charset=UTF-8","alt-svc":"h3=\":443\"; ma=2592000,h3-29=\":443\"; ma=2592000,h3-T051=\":443\"; ma=2592000,h3-Q050=\":443\"; ma=2592000,h3-Q046=\":443\"; ma=2592000,h3-Q043=\":443\"; ma=2592000,quic=\":443\"; ma=2592000; v=\"46,43\""}
[info] ✔  functions: functions folder uploaded successfully 
[info] i  functions: updating Node.js 14 function helloWorld(us-central1)... 
[debug] [2021-07-06T08:42:54.241Z] >>> HTTP REQUEST PATCH https://cloudfunctions.googleapis.com/v1/projects/sample-5b71f/locations/us-central1/functions/helloWorld {"updateMask":"name,sourceUploadUrl,entryPoint,runtime,httpsTrigger.securityLevel,labels,environmentVariables"} 
 {"name":"projects/sample-5b71f/locations/us-central1/functions/helloWorld","sourceUploadUrl":"https://storage.googleapis.com/gcf-upload-us-central1-5c256c10-4c5b-4246-ad0c-fafc840ce43d/1cde181e-d9b2-44e9-a006-b8d1f670b355.zip?GoogleAccessId=service-89162818918@gcf-admin-robot.iam.gserviceaccount.com&Expires=1625562773&Signature=Ios5OTcN%2BCLzBLnodxguHTYFrHud0CSAo5Am829C5%2Br8GvwfmG%2F%2FktUzaWPfvk9QoFH9Cb0OaBjif%2Bwd2nR3Y3pfxS5e0RJ3w2qrafI7qP5pFS0KUd5FU7pMzjt5Qij%2FN782zgVAW%2FOY%2FubSzDYxY4sGIpBgzzGvGE2FBTy%2B6P5MysveokBQ9D3bCoxCYwOfwD1JOK4WAjmWU%2F04DMarv5xtYVY4kF%2BTfe%2BsWRjActBRHCFrlvF1LW3vFanhzS3%2FC3d3nQyEZLZDmUS%2B74bN4T7%2F4Z8FAgi%2BlASobpISxHHQvOQcO3MfyFuQryO89aGBEDxeTfS%2BGupAUaWtye6diw%3D%3D","entryPoint":"helloWorld","runtime":"nodejs14","httpsTrigger":{"securityLevel":"SECURE_OPTIONAL"},"labels":{"deployment-tool":"cli-firebase"},"environmentVariables":{"FIREBASE_CONFIG":"{\"projectId\":\"sample-5b71f\",\"storageBucket\":\"sample-5b71f.appspot.com\",\"locationId\":\"asia-northeast3\"}"}}
[debug] [2021-07-06T08:42:54.912Z] <<< HTTP RESPONSE 200 {"content-type":"application/json; charset=UTF-8","vary":"X-Origin, Referer, Origin,Accept-Encoding","date":"Tue, 06 Jul 2021 08:42:54 GMT","server":"ESF","cache-control":"private","x-xss-protection":"0","x-frame-options":"SAMEORIGIN","x-content-type-options":"nosniff","alt-svc":"h3=\":443\"; ma=2592000,h3-29=\":443\"; ma=2592000,h3-T051=\":443\"; ma=2592000,h3-Q050=\":443\"; ma=2592000,h3-Q046=\":443\"; ma=2592000,h3-Q043=\":443\"; ma=2592000,quic=\":443\"; ma=2592000; v=\"46,43\"","accept-ranges":"none","transfer-encoding":"chunked"}
[debug] [2021-07-06T08:42:54.923Z] > refreshing access token with scopes: []
[debug] [2021-07-06T08:42:54.924Z] >>> HTTP REQUEST POST https://www.googleapis.com/oauth2/v3/token  
 <request body omitted>
[debug] [2021-07-06T08:42:55.178Z] <<< HTTP RESPONSE 200 {"expires":"Mon, 01 Jan 1990 00:00:00 GMT","cache-control":"no-cache, no-store, max-age=0, must-revalidate","date":"Tue, 06 Jul 2021 08:42:55 GMT","pragma":"no-cache","content-type":"application/json; charset=utf-8","vary":"X-Origin, Referer, Origin,Accept-Encoding","server":"scaffolding on HTTPServer2","x-xss-protection":"0","x-frame-options":"SAMEORIGIN","x-content-type-options":"nosniff","alt-svc":"h3=\":443\"; ma=2592000,h3-29=\":443\"; ma=2592000,h3-T051=\":443\"; ma=2592000,h3-Q050=\":443\"; ma=2592000,h3-Q046=\":443\"; ma=2592000,h3-Q043=\":443\"; ma=2592000,quic=\":443\"; ma=2592000; v=\"46,43\"","accept-ranges":"none","transfer-encoding":"chunked"}
[debug] [2021-07-06T08:42:55.270Z] >>> [apiv2][query] GET https://cloudfunctions.googleapis.com/v1/operations/c2FtcGxlLTViNzFmL3VzLWNlbnRyYWwxL2hlbGxvV29ybGQvdjc3ZkFwMkp0ZkE [none]
[debug] [2021-07-06T08:42:55.830Z] <<< [apiv2][status] GET https://cloudfunctions.googleapis.com/v1/operations/c2FtcGxlLTViNzFmL3VzLWNlbnRyYWwxL2hlbGxvV29ybGQvdjc3ZkFwMkp0ZkE 200
[debug] [2021-07-06T08:42:55.832Z] <<< [apiv2][body] GET https://cloudfunctions.googleapis.com/v1/operations/c2FtcGxlLTViNzFmL3VzLWNlbnRyYWwxL2hlbGxvV29ybGQvdjc3ZkFwMkp0ZkE {"name":"operations/c2FtcGxlLTViNzFmL3VzLWNlbnRyYWwxL2hlbGxvV29ybGQvdjc3ZkFwMkp0ZkE","metadata":{"@type":"type.googleapis.com/google.cloud.functions.v1.OperationMetadataV1","target":"projects/sample-5b71f/locations/us-central1/functions/helloWorld","type":"UPDATE_FUNCTION","request":{"@type":"type.googleapis.com/google.cloud.functions.v1.CloudFunction","name":"projects/sample-5b71f/locations/us-central1/functions/helloWorld","httpsTrigger":{"url":"https://us-central1-sample-5b71f.cloudfunctions.net/helloWorld","securityLevel":"SECURE_OPTIONAL"},"status":"ACTIVE","entryPoint":"helloWorld","timeout":"60s","availableMemoryMb":256,"serviceAccountEmail":"sample-5b71f@appspot.gserviceaccount.com","updateTime":"2021-07-06T08:39:32.757Z","versionId":"2","labels":{"deployment-tool":"cli-firebase"},"sourceUploadUrl":"https://storage.googleapis.com/gcf-upload-us-central1-5c256c10-4c5b-4246-ad0c-fafc840ce43d/1cde181e-d9b2-44e9-a006-b8d1f670b355.zip?GoogleAccessId=service-89162818918@gcf-admin-robot.iam.gserviceaccount.com&Expires=1625562773&Signature=Ios5OTcN%2BCLzBLnodxguHTYFrHud0CSAo5Am829C5%2Br8GvwfmG%2F%2FktUzaWPfvk9QoFH9Cb0OaBjif%2Bwd2nR3Y3pfxS5e0RJ3w2qrafI7qP5pFS0KUd5FU7pMzjt5Qij%2FN782zgVAW%2FOY%2FubSzDYxY4sGIpBgzzGvGE2FBTy%2B6P5MysveokBQ9D3bCoxCYwOfwD1JOK4WAjmWU%2F04DMarv5xtYVY4kF%2BTfe%2BsWRjActBRHCFrlvF1LW3vFanhzS3%2FC3d3nQyEZLZDmUS%2B74bN4T7%2F4Z8FAgi%2BlASobpISxHHQvOQcO3MfyFuQryO89aGBEDxeTfS%2BGupAUaWtye6diw%3D%3D","environmentVariables":{"FIREBASE_CONFIG":"{\"projectId\":\"sample-5b71f\",\"storageBucket\":\"sample-5b71f.appspot.com\",\"locationId\":\"asia-northeast3\"}"},"runtime":"nodejs14","ingressSettings":"ALLOW_ALL","buildId":"29e819c7-f6a8-4003-b40b-e3d816773797"},"versionId":"3","updateTime":"2021-07-06T08:42:54Z","buildId":"2face701-50be-4101-8695-ecf24a69a311","buildName":"projects/89162818918/locations/us-central1/builds/2face701-50be-4101-8695-ecf24a69a311"}}
[debug] [2021-07-06T08:42:56.337Z] [update-projects/sample-5b71f/locations/us-central1/functions/helloWorld] Retrying task index 0
[debug] [2021-07-06T08:42:56.339Z] >>> [apiv2][query] GET https://cloudfunctions.googleapis.com/v1/operations/c2FtcGxlLTViNzFmL3VzLWNlbnRyYWwxL2hlbGxvV29ybGQvdjc3ZkFwMkp0ZkE [none]
[debug] [2021-07-06T08:42:56.898Z] <<< [apiv2][status] GET https://cloudfunctions.googleapis.com/v1/operations/c2FtcGxlLTViNzFmL3VzLWNlbnRyYWwxL2hlbGxvV29ybGQvdjc3ZkFwMkp0ZkE 200
[debug] [2021-07-06T08:42:56.899Z] <<< [apiv2][body] GET https://cloudfunctions.googleapis.com/v1/operations/c2FtcGxlLTViNzFmL3VzLWNlbnRyYWwxL2hlbGxvV29ybGQvdjc3ZkFwMkp0ZkE {"name":"operations/c2FtcGxlLTViNzFmL3VzLWNlbnRyYWwxL2hlbGxvV29ybGQvdjc3ZkFwMkp0ZkE","metadata":{"@type":"type.googleapis.com/google.cloud.functions.v1.OperationMetadataV1","target":"projects/sample-5b71f/locations/us-central1/functions/helloWorld","type":"UPDATE_FUNCTION","request":{"@type":"type.googleapis.com/google.cloud.functions.v1.CloudFunction","name":"projects/sample-5b71f/locations/us-central1/functions/helloWorld","httpsTrigger":{"url":"https://us-central1-sample-5b71f.cloudfunctions.net/helloWorld","securityLevel":"SECURE_OPTIONAL"},"status":"ACTIVE","entryPoint":"helloWorld","timeout":"60s","availableMemoryMb":256,"serviceAccountEmail":"sample-5b71f@appspot.gserviceaccount.com","updateTime":"2021-07-06T08:39:32.757Z","versionId":"2","labels":{"deployment-tool":"cli-firebase"},"sourceUploadUrl":"https://storage.googleapis.com/gcf-upload-us-central1-5c256c10-4c5b-4246-ad0c-fafc840ce43d/1cde181e-d9b2-44e9-a006-b8d1f670b355.zip?GoogleAccessId=service-89162818918@gcf-admin-robot.iam.gserviceaccount.com&Expires=1625562773&Signature=Ios5OTcN%2BCLzBLnodxguHTYFrHud0CSAo5Am829C5%2Br8GvwfmG%2F%2FktUzaWPfvk9QoFH9Cb0OaBjif%2Bwd2nR3Y3pfxS5e0RJ3w2qrafI7qP5pFS0KUd5FU7pMzjt5Qij%2FN782zgVAW%2FOY%2FubSzDYxY4sGIpBgzzGvGE2FBTy%2B6P5MysveokBQ9D3bCoxCYwOfwD1JOK4WAjmWU%2F04DMarv5xtYVY4kF%2BTfe%2BsWRjActBRHCFrlvF1LW3vFanhzS3%2FC3d3nQyEZLZDmUS%2B74bN4T7%2F4Z8FAgi%2BlASobpISxHHQvOQcO3MfyFuQryO89aGBEDxeTfS%2BGupAUaWtye6diw%3D%3D","environmentVariables":{"FIREBASE_CONFIG":"{\"projectId\":\"sample-5b71f\",\"storageBucket\":\"sample-5b71f.appspot.com\",\"locationId\":\"asia-northeast3\"}"},"runtime":"nodejs14","ingressSettings":"ALLOW_ALL","buildId":"29e819c7-f6a8-4003-b40b-e3d816773797"},"versionId":"3","updateTime":"2021-07-06T08:42:54Z","buildId":"2face701-50be-4101-8695-ecf24a69a311","buildName":"projects/89162818918/locations/us-central1/builds/2face701-50be-4101-8695-ecf24a69a311"}}
[debug] [2021-07-06T08:42:57.902Z] [update-projects/sample-5b71f/locations/us-central1/functions/helloWorld] Retrying task index 0
[debug] [2021-07-06T08:42:57.904Z] >>> [apiv2][query] GET https://cloudfunctions.googleapis.com/v1/operations/c2FtcGxlLTViNzFmL3VzLWNlbnRyYWwxL2hlbGxvV29ybGQvdjc3ZkFwMkp0ZkE [none]
[debug] [2021-07-06T08:42:58.399Z] <<< [apiv2][status] GET https://cloudfunctions.googleapis.com/v1/operations/c2FtcGxlLTViNzFmL3VzLWNlbnRyYWwxL2hlbGxvV29ybGQvdjc3ZkFwMkp0ZkE 200
[debug] [2021-07-06T08:42:58.400Z] <<< [apiv2][body] GET https://cloudfunctions.googleapis.com/v1/operations/c2FtcGxlLTViNzFmL3VzLWNlbnRyYWwxL2hlbGxvV29ybGQvdjc3ZkFwMkp0ZkE {"name":"operations/c2FtcGxlLTViNzFmL3VzLWNlbnRyYWwxL2hlbGxvV29ybGQvdjc3ZkFwMkp0ZkE","metadata":{"@type":"type.googleapis.com/google.cloud.functions.v1.OperationMetadataV1","target":"projects/sample-5b71f/locations/us-central1/functions/helloWorld","type":"UPDATE_FUNCTION","request":{"@type":"type.googleapis.com/google.cloud.functions.v1.CloudFunction","name":"projects/sample-5b71f/locations/us-central1/functions/helloWorld","httpsTrigger":{"url":"https://us-central1-sample-5b71f.cloudfunctions.net/helloWorld","securityLevel":"SECURE_OPTIONAL"},"status":"ACTIVE","entryPoint":"helloWorld","timeout":"60s","availableMemoryMb":256,"serviceAccountEmail":"sample-5b71f@appspot.gserviceaccount.com","updateTime":"2021-07-06T08:39:32.757Z","versionId":"2","labels":{"deployment-tool":"cli-firebase"},"sourceUploadUrl":"https://storage.googleapis.com/gcf-upload-us-central1-5c256c10-4c5b-4246-ad0c-fafc840ce43d/1cde181e-d9b2-44e9-a006-b8d1f670b355.zip?GoogleAccessId=service-89162818918@gcf-admin-robot.iam.gserviceaccount.com&Expires=1625562773&Signature=Ios5OTcN%2BCLzBLnodxguHTYFrHud0CSAo5Am829C5%2Br8GvwfmG%2F%2FktUzaWPfvk9QoFH9Cb0OaBjif%2Bwd2nR3Y3pfxS5e0RJ3w2qrafI7qP5pFS0KUd5FU7pMzjt5Qij%2FN782zgVAW%2FOY%2FubSzDYxY4sGIpBgzzGvGE2FBTy%2B6P5MysveokBQ9D3bCoxCYwOfwD1JOK4WAjmWU%2F04DMarv5xtYVY4kF%2BTfe%2BsWRjActBRHCFrlvF1LW3vFanhzS3%2FC3d3nQyEZLZDmUS%2B74bN4T7%2F4Z8FAgi%2BlASobpISxHHQvOQcO3MfyFuQryO89aGBEDxeTfS%2BGupAUaWtye6diw%3D%3D","environmentVariables":{"FIREBASE_CONFIG":"{\"projectId\":\"sample-5b71f\",\"storageBucket\":\"sample-5b71f.appspot.com\",\"locationId\":\"asia-northeast3\"}"},"runtime":"nodejs14","ingressSettings":"ALLOW_ALL","buildId":"29e819c7-f6a8-4003-b40b-e3d816773797"},"versionId":"3","updateTime":"2021-07-06T08:42:54Z","buildId":"2face701-50be-4101-8695-ecf24a69a311","buildName":"projects/89162818918/locations/us-central1/builds/2face701-50be-4101-8695-ecf24a69a311"}}
[debug] [2021-07-06T08:43:00.402Z] [update-projects/sample-5b71f/locations/us-central1/functions/helloWorld] Retrying task index 0
[debug] [2021-07-06T08:43:00.403Z] >>> [apiv2][query] GET https://cloudfunctions.googleapis.com/v1/operations/c2FtcGxlLTViNzFmL3VzLWNlbnRyYWwxL2hlbGxvV29ybGQvdjc3ZkFwMkp0ZkE [none]
[debug] [2021-07-06T08:43:00.929Z] <<< [apiv2][status] GET https://cloudfunctions.googleapis.com/v1/operations/c2FtcGxlLTViNzFmL3VzLWNlbnRyYWwxL2hlbGxvV29ybGQvdjc3ZkFwMkp0ZkE 200
[debug] [2021-07-06T08:43:00.930Z] <<< [apiv2][body] GET https://cloudfunctions.googleapis.com/v1/operations/c2FtcGxlLTViNzFmL3VzLWNlbnRyYWwxL2hlbGxvV29ybGQvdjc3ZkFwMkp0ZkE {"name":"operations/c2FtcGxlLTViNzFmL3VzLWNlbnRyYWwxL2hlbGxvV29ybGQvdjc3ZkFwMkp0ZkE","metadata":{"@type":"type.googleapis.com/google.cloud.functions.v1.OperationMetadataV1","target":"projects/sample-5b71f/locations/us-central1/functions/helloWorld","type":"UPDATE_FUNCTION","request":{"@type":"type.googleapis.com/google.cloud.functions.v1.CloudFunction","name":"projects/sample-5b71f/locations/us-central1/functions/helloWorld","httpsTrigger":{"url":"https://us-central1-sample-5b71f.cloudfunctions.net/helloWorld","securityLevel":"SECURE_OPTIONAL"},"status":"ACTIVE","entryPoint":"helloWorld","timeout":"60s","availableMemoryMb":256,"serviceAccountEmail":"sample-5b71f@appspot.gserviceaccount.com","updateTime":"2021-07-06T08:39:32.757Z","versionId":"2","labels":{"deployment-tool":"cli-firebase"},"sourceUploadUrl":"https://storage.googleapis.com/gcf-upload-us-central1-5c256c10-4c5b-4246-ad0c-fafc840ce43d/1cde181e-d9b2-44e9-a006-b8d1f670b355.zip?GoogleAccessId=service-89162818918@gcf-admin-robot.iam.gserviceaccount.com&Expires=1625562773&Signature=Ios5OTcN%2BCLzBLnodxguHTYFrHud0CSAo5Am829C5%2Br8GvwfmG%2F%2FktUzaWPfvk9QoFH9Cb0OaBjif%2Bwd2nR3Y3pfxS5e0RJ3w2qrafI7qP5pFS0KUd5FU7pMzjt5Qij%2FN782zgVAW%2FOY%2FubSzDYxY4sGIpBgzzGvGE2FBTy%2B6P5MysveokBQ9D3bCoxCYwOfwD1JOK4WAjmWU%2F04DMarv5xtYVY4kF%2BTfe%2BsWRjActBRHCFrlvF1LW3vFanhzS3%2FC3d3nQyEZLZDmUS%2B74bN4T7%2F4Z8FAgi%2BlASobpISxHHQvOQcO3MfyFuQryO89aGBEDxeTfS%2BGupAUaWtye6diw%3D%3D","environmentVariables":{"FIREBASE_CONFIG":"{\"projectId\":\"sample-5b71f\",\"storageBucket\":\"sample-5b71f.appspot.com\",\"locationId\":\"asia-northeast3\"}"},"runtime":"nodejs14","ingressSettings":"ALLOW_ALL","buildId":"29e819c7-f6a8-4003-b40b-e3d816773797"},"versionId":"3","updateTime":"2021-07-06T08:42:54Z","buildId":"2face701-50be-4101-8695-ecf24a69a311","buildName":"projects/89162818918/locations/us-central1/builds/2face701-50be-4101-8695-ecf24a69a311"}}
[debug] [2021-07-06T08:43:04.935Z] [update-projects/sample-5b71f/locations/us-central1/functions/helloWorld] Retrying task index 0
[debug] [2021-07-06T08:43:04.935Z] >>> [apiv2][query] GET https://cloudfunctions.googleapis.com/v1/operations/c2FtcGxlLTViNzFmL3VzLWNlbnRyYWwxL2hlbGxvV29ybGQvdjc3ZkFwMkp0ZkE [none]
[debug] [2021-07-06T08:43:05.453Z] <<< [apiv2][status] GET https://cloudfunctions.googleapis.com/v1/operations/c2FtcGxlLTViNzFmL3VzLWNlbnRyYWwxL2hlbGxvV29ybGQvdjc3ZkFwMkp0ZkE 200
[debug] [2021-07-06T08:43:05.453Z] <<< [apiv2][body] GET https://cloudfunctions.googleapis.com/v1/operations/c2FtcGxlLTViNzFmL3VzLWNlbnRyYWwxL2hlbGxvV29ybGQvdjc3ZkFwMkp0ZkE {"name":"operations/c2FtcGxlLTViNzFmL3VzLWNlbnRyYWwxL2hlbGxvV29ybGQvdjc3ZkFwMkp0ZkE","metadata":{"@type":"type.googleapis.com/google.cloud.functions.v1.OperationMetadataV1","target":"projects/sample-5b71f/locations/us-central1/functions/helloWorld","type":"UPDATE_FUNCTION","request":{"@type":"type.googleapis.com/google.cloud.functions.v1.CloudFunction","name":"projects/sample-5b71f/locations/us-central1/functions/helloWorld","httpsTrigger":{"url":"https://us-central1-sample-5b71f.cloudfunctions.net/helloWorld","securityLevel":"SECURE_OPTIONAL"},"status":"ACTIVE","entryPoint":"helloWorld","timeout":"60s","availableMemoryMb":256,"serviceAccountEmail":"sample-5b71f@appspot.gserviceaccount.com","updateTime":"2021-07-06T08:39:32.757Z","versionId":"2","labels":{"deployment-tool":"cli-firebase"},"sourceUploadUrl":"https://storage.googleapis.com/gcf-upload-us-central1-5c256c10-4c5b-4246-ad0c-fafc840ce43d/1cde181e-d9b2-44e9-a006-b8d1f670b355.zip?GoogleAccessId=service-89162818918@gcf-admin-robot.iam.gserviceaccount.com&Expires=1625562773&Signature=Ios5OTcN%2BCLzBLnodxguHTYFrHud0CSAo5Am829C5%2Br8GvwfmG%2F%2FktUzaWPfvk9QoFH9Cb0OaBjif%2Bwd2nR3Y3pfxS5e0RJ3w2qrafI7qP5pFS0KUd5FU7pMzjt5Qij%2FN782zgVAW%2FOY%2FubSzDYxY4sGIpBgzzGvGE2FBTy%2B6P5MysveokBQ9D3bCoxCYwOfwD1JOK4WAjmWU%2F04DMarv5xtYVY4kF%2BTfe%2BsWRjActBRHCFrlvF1LW3vFanhzS3%2FC3d3nQyEZLZDmUS%2B74bN4T7%2F4Z8FAgi%2BlASobpISxHHQvOQcO3MfyFuQryO89aGBEDxeTfS%2BGupAUaWtye6diw%3D%3D","environmentVariables":{"FIREBASE_CONFIG":"{\"projectId\":\"sample-5b71f\",\"storageBucket\":\"sample-5b71f.appspot.com\",\"locationId\":\"asia-northeast3\"}"},"runtime":"nodejs14","ingressSettings":"ALLOW_ALL","buildId":"29e819c7-f6a8-4003-b40b-e3d816773797"},"versionId":"3","updateTime":"2021-07-06T08:42:54Z","buildId":"2face701-50be-4101-8695-ecf24a69a311","buildName":"projects/89162818918/locations/us-central1/builds/2face701-50be-4101-8695-ecf24a69a311"}}
[debug] [2021-07-06T08:43:13.458Z] [update-projects/sample-5b71f/locations/us-central1/functions/helloWorld] Retrying task index 0
[debug] [2021-07-06T08:43:13.459Z] >>> [apiv2][query] GET https://cloudfunctions.googleapis.com/v1/operations/c2FtcGxlLTViNzFmL3VzLWNlbnRyYWwxL2hlbGxvV29ybGQvdjc3ZkFwMkp0ZkE [none]
[debug] [2021-07-06T08:43:13.970Z] <<< [apiv2][status] GET https://cloudfunctions.googleapis.com/v1/operations/c2FtcGxlLTViNzFmL3VzLWNlbnRyYWwxL2hlbGxvV29ybGQvdjc3ZkFwMkp0ZkE 200
[debug] [2021-07-06T08:43:13.971Z] <<< [apiv2][body] GET https://cloudfunctions.googleapis.com/v1/operations/c2FtcGxlLTViNzFmL3VzLWNlbnRyYWwxL2hlbGxvV29ybGQvdjc3ZkFwMkp0ZkE {"name":"operations/c2FtcGxlLTViNzFmL3VzLWNlbnRyYWwxL2hlbGxvV29ybGQvdjc3ZkFwMkp0ZkE","metadata":{"@type":"type.googleapis.com/google.cloud.functions.v1.OperationMetadataV1","target":"projects/sample-5b71f/locations/us-central1/functions/helloWorld","type":"UPDATE_FUNCTION","request":{"@type":"type.googleapis.com/google.cloud.functions.v1.CloudFunction","name":"projects/sample-5b71f/locations/us-central1/functions/helloWorld","httpsTrigger":{"url":"https://us-central1-sample-5b71f.cloudfunctions.net/helloWorld","securityLevel":"SECURE_OPTIONAL"},"status":"ACTIVE","entryPoint":"helloWorld","timeout":"60s","availableMemoryMb":256,"serviceAccountEmail":"sample-5b71f@appspot.gserviceaccount.com","updateTime":"2021-07-06T08:39:32.757Z","versionId":"2","labels":{"deployment-tool":"cli-firebase"},"sourceUploadUrl":"https://storage.googleapis.com/gcf-upload-us-central1-5c256c10-4c5b-4246-ad0c-fafc840ce43d/1cde181e-d9b2-44e9-a006-b8d1f670b355.zip?GoogleAccessId=service-89162818918@gcf-admin-robot.iam.gserviceaccount.com&Expires=1625562773&Signature=Ios5OTcN%2BCLzBLnodxguHTYFrHud0CSAo5Am829C5%2Br8GvwfmG%2F%2FktUzaWPfvk9QoFH9Cb0OaBjif%2Bwd2nR3Y3pfxS5e0RJ3w2qrafI7qP5pFS0KUd5FU7pMzjt5Qij%2FN782zgVAW%2FOY%2FubSzDYxY4sGIpBgzzGvGE2FBTy%2B6P5MysveokBQ9D3bCoxCYwOfwD1JOK4WAjmWU%2F04DMarv5xtYVY4kF%2BTfe%2BsWRjActBRHCFrlvF1LW3vFanhzS3%2FC3d3nQyEZLZDmUS%2B74bN4T7%2F4Z8FAgi%2BlASobpISxHHQvOQcO3MfyFuQryO89aGBEDxeTfS%2BGupAUaWtye6diw%3D%3D","environmentVariables":{"FIREBASE_CONFIG":"{\"projectId\":\"sample-5b71f\",\"storageBucket\":\"sample-5b71f.appspot.com\",\"locationId\":\"asia-northeast3\"}"},"runtime":"nodejs14","ingressSettings":"ALLOW_ALL","buildId":"29e819c7-f6a8-4003-b40b-e3d816773797"},"versionId":"3","updateTime":"2021-07-06T08:42:54Z","buildId":"2face701-50be-4101-8695-ecf24a69a311","buildName":"projects/89162818918/locations/us-central1/builds/2face701-50be-4101-8695-ecf24a69a311"}}
